{"meta": {"format": 3, "version": "7.11.3", "timestamp": "2025-11-12T12:59:57.397504", "branch_coverage": true, "show_contexts": false}, "files": {"batallaNaval.py": {"executed_lines": [1, 2, 8, 21, 22, 23, 24, 25, 30, 86, 88, 89, 90, 91, 92, 93, 94, 97, 99, 100, 102, 104, 106, 107, 108, 109, 110, 112, 116, 129, 130, 132, 134, 136, 138, 140, 142, 144, 145, 146, 148, 150, 152, 154, 155, 157, 158, 160, 161, 163, 164, 166, 167, 169, 171, 173, 176, 178, 180, 181, 183, 187, 188, 189, 191, 193, 194, 196, 198, 199, 200, 203, 204, 205, 206, 207, 209, 211, 212, 214, 215, 217, 219, 221, 223, 225, 227, 228, 230, 232, 235, 236, 238, 239, 241, 243, 246, 247, 252, 261, 262, 264, 265, 267, 268, 272, 273, 274, 275, 277, 278, 280, 281, 283, 285, 287, 288, 290, 292, 294, 296, 301, 313, 314, 315, 317, 319, 320, 321, 322, 324, 325, 326, 327, 328, 330, 331, 333, 334, 335, 337, 338, 340, 342, 343, 344, 345, 347, 348, 349, 350, 351, 352, 354, 355, 357, 358, 359, 360, 361, 362, 364, 366, 368, 370, 372, 374, 376, 377, 379, 381, 383, 385, 387, 389, 396, 398, 400, 402, 404, 407, 409, 410, 411, 414, 415, 417, 418, 419, 423, 438, 439, 441, 442, 444, 446, 450, 452, 454, 456, 458, 459, 461, 463, 465, 466, 467, 469, 471, 473, 475, 477, 479, 481, 482, 483, 485, 487, 489, 490, 492, 494, 496, 497, 499], "summary": {"covered_lines": 225, "num_statements": 225, "percent_covered": 100.0, "percent_covered_display": "100", "missing_lines": 0, "excluded_lines": 0, "num_branches": 78, "num_partial_branches": 0, "covered_branches": 78, "missing_branches": 0}, "missing_lines": [], "excluded_lines": [], "executed_branches": [[22, 23], [22, 25], [23, 22], [23, 24], [89, 90], [89, 94], [91, 92], [91, 93], [144, 145], [144, 148], [145, 144], [145, 146], [166, 167], [166, 169], [178, 180], [178, 183], [180, 178], [180, 181], [203, 204], [203, 209], [204, 203], [204, 205], [205, 204], [205, 206], [206, 204], [206, 207], [221, 223], [221, 230], [223, 221], [223, 225], [227, 223], [227, 228], [235, 236], [235, 238], [272, 273], [272, 277], [287, 288], [287, 290], [319, 320], [319, 328], [320, 319], [320, 321], [324, 320], [324, 325], [342, 343], [342, 368], [348, 342], [348, 349], [349, 350], [349, 366], [357, 358], [357, 364], [381, 383], [381, 389], [385, 381], [385, 387], [409, 410], [409, 414], [410, 409], [410, 411], [441, 442], [441, 444], [454, 456], [454, 461], [456, 454], [456, 458], [458, 456], [458, 459], [465, 466], [465, 469], [466, 465], [466, 467], [481, 482], [481, 485], [482, 481], [482, 483], [489, 490], [489, 492]], "missing_branches": [], "functions": {"cantidadDeBarcosDeTama\u00f1o": {"executed_lines": [21, 22, 23, 24, 25], "summary": {"covered_lines": 5, "num_statements": 5, "percent_covered": 100.0, "percent_covered_display": "100", "missing_lines": 0, "excluded_lines": 0, "num_branches": 4, "num_partial_branches": 0, "covered_branches": 4, "missing_branches": 0}, "missing_lines": [], "excluded_lines": [], "executed_branches": [[22, 23], [22, 25], [23, 22], [23, 24]], "missing_branches": []}, "nuevoJuego": {"executed_lines": [86, 97, 106, 107, 108, 109, 110, 112], "summary": {"covered_lines": 8, "num_statements": 8, "percent_covered": 100.0, "percent_covered_display": "100", "missing_lines": 0, "excluded_lines": 0, "num_branches": 0, "num_partial_branches": 0, "covered_branches": 0, "missing_branches": 0}, "missing_lines": [], "excluded_lines": [], "executed_branches": [], "missing_branches": []}, "nuevoJuego.grillaVac\u00eda": {"executed_lines": [88, 89, 90, 91, 92, 93, 94], "summary": {"covered_lines": 7, "num_statements": 7, "percent_covered": 100.0, "percent_covered_display": "100", "missing_lines": 0, "excluded_lines": 0, "num_branches": 4, "num_partial_branches": 0, "covered_branches": 4, "missing_branches": 0}, "missing_lines": [], "excluded_lines": [], "executed_branches": [[89, 90], [89, 94], [91, 92], [91, 93]], "missing_branches": []}, "nuevoJuego.nuevoTablero": {"executed_lines": [99, 100, 102, 104], "summary": {"covered_lines": 4, "num_statements": 4, "percent_covered": 100.0, "percent_covered_display": "100", "missing_lines": 0, "excluded_lines": 0, "num_branches": 0, "num_partial_branches": 0, "covered_branches": 0, "missing_branches": 0}, "missing_lines": [], "excluded_lines": [], "executed_branches": [], "missing_branches": []}, "esEstadoDeJuegoV\u00e1lido": {"executed_lines": [129, 130, 132, 134, 136, 138, 140, 142, 144, 145, 146, 148], "summary": {"covered_lines": 12, "num_statements": 12, "percent_covered": 100.0, "percent_covered_display": "100", "missing_lines": 0, "excluded_lines": 0, "num_branches": 4, "num_partial_branches": 0, "covered_branches": 4, "missing_branches": 0}, "missing_lines": [], "excluded_lines": [], "executed_branches": [[144, 145], [144, 148], [145, 144], [145, 146]], "missing_branches": []}, "esEstadoValidoFilas": {"executed_lines": [152], "summary": {"covered_lines": 1, "num_statements": 1, "percent_covered": 100.0, "percent_covered_display": "100", "missing_lines": 0, "excluded_lines": 0, "num_branches": 0, "num_partial_branches": 0, "covered_branches": 0, "missing_branches": 0}, "missing_lines": [], "excluded_lines": [], "executed_branches": [], "missing_branches": []}, "esEstadoValidoTurno": {"executed_lines": [155], "summary": {"covered_lines": 1, "num_statements": 1, "percent_covered": 100.0, "percent_covered_display": "100", "missing_lines": 0, "excluded_lines": 0, "num_branches": 0, "num_partial_branches": 0, "covered_branches": 0, "missing_branches": 0}, "missing_lines": [], "excluded_lines": [], "executed_branches": [], "missing_branches": []}, "esEstadoValidoColumnas": {"executed_lines": [158], "summary": {"covered_lines": 1, "num_statements": 1, "percent_covered": 100.0, "percent_covered_display": "100", "missing_lines": 0, "excluded_lines": 0, "num_branches": 0, "num_partial_branches": 0, "covered_branches": 0, "missing_branches": 0}, "missing_lines": [], "excluded_lines": [], "executed_branches": [], "missing_branches": []}, "esEstadoValidoBarcos": {"executed_lines": [161], "summary": {"covered_lines": 1, "num_statements": 1, "percent_covered": 100.0, "percent_covered_display": "100", "missing_lines": 0, "excluded_lines": 0, "num_branches": 0, "num_partial_branches": 0, "covered_branches": 0, "missing_branches": 0}, "missing_lines": [], "excluded_lines": [], "executed_branches": [], "missing_branches": []}, "tama\u00f1os": {"executed_lines": [164, 166, 167, 169], "summary": {"covered_lines": 4, "num_statements": 4, "percent_covered": 100.0, "percent_covered_display": "100", "missing_lines": 0, "excluded_lines": 0, "num_branches": 2, "num_partial_branches": 0, "covered_branches": 2, "missing_branches": 0}, "missing_lines": [], "excluded_lines": [], "executed_branches": [[166, 167], [166, 169]], "missing_branches": []}, "mismosElementos": {"executed_lines": [173], "summary": {"covered_lines": 1, "num_statements": 1, "percent_covered": 100.0, "percent_covered_display": "100", "missing_lines": 0, "excluded_lines": 0, "num_branches": 0, "num_partial_branches": 0, "covered_branches": 0, "missing_branches": 0}, "missing_lines": [], "excluded_lines": [], "executed_branches": [], "missing_branches": []}, "mismosElementosAux": {"executed_lines": [178, 180, 181, 183], "summary": {"covered_lines": 4, "num_statements": 4, "percent_covered": 100.0, "percent_covered_display": "100", "missing_lines": 0, "excluded_lines": 0, "num_branches": 4, "num_partial_branches": 0, "covered_branches": 4, "missing_branches": 0}, "missing_lines": [], "excluded_lines": [], "executed_branches": [[178, 180], [178, 183], [180, 178], [180, 181]], "missing_branches": []}, "coincidenTama\u00f1osDeListas": {"executed_lines": [188, 189, 191], "summary": {"covered_lines": 3, "num_statements": 3, "percent_covered": 100.0, "percent_covered_display": "100", "missing_lines": 0, "excluded_lines": 0, "num_branches": 0, "num_partial_branches": 0, "covered_branches": 0, "missing_branches": 0}, "missing_lines": [], "excluded_lines": [], "executed_branches": [], "missing_branches": []}, "coincidenBarcosEnGrilla": {"executed_lines": [194, 196], "summary": {"covered_lines": 2, "num_statements": 2, "percent_covered": 100.0, "percent_covered_display": "100", "missing_lines": 0, "excluded_lines": 0, "num_branches": 0, "num_partial_branches": 0, "covered_branches": 0, "missing_branches": 0}, "missing_lines": [], "excluded_lines": [], "executed_branches": [], "missing_branches": []}, "compararPosicionDeTablero": {"executed_lines": [199, 200, 203, 204, 205, 206, 207, 209], "summary": {"covered_lines": 8, "num_statements": 8, "percent_covered": 100.0, "percent_covered_display": "100", "missing_lines": 0, "excluded_lines": 0, "num_branches": 8, "num_partial_branches": 0, "covered_branches": 8, "missing_branches": 0}, "missing_lines": [], "excluded_lines": [], "executed_branches": [[203, 204], [203, 209], [204, 203], [204, 205], [205, 204], [205, 206], [206, 204], [206, 207]], "missing_branches": []}, "celdasTienenMismoContenido": {"executed_lines": [212], "summary": {"covered_lines": 1, "num_statements": 1, "percent_covered": 100.0, "percent_covered_display": "100", "missing_lines": 0, "excluded_lines": 0, "num_branches": 0, "num_partial_branches": 0, "covered_branches": 0, "missing_branches": 0}, "missing_lines": [], "excluded_lines": [], "executed_branches": [], "missing_branches": []}, "celdaEsVac\u00edo": {"executed_lines": [215], "summary": {"covered_lines": 1, "num_statements": 1, "percent_covered": 100.0, "percent_covered_display": "100", "missing_lines": 0, "excluded_lines": 0, "num_branches": 0, "num_partial_branches": 0, "covered_branches": 0, "missing_branches": 0}, "missing_lines": [], "excluded_lines": [], "executed_branches": [], "missing_branches": []}, "cantPosicionesNoVacias": {"executed_lines": [219, 221, 223, 225, 227, 228, 230], "summary": {"covered_lines": 7, "num_statements": 7, "percent_covered": 100.0, "percent_covered_display": "100", "missing_lines": 0, "excluded_lines": 0, "num_branches": 6, "num_partial_branches": 0, "covered_branches": 6, "missing_branches": 0}, "missing_lines": [], "excluded_lines": [], "executed_branches": [[221, 223], [221, 230], [223, 221], [223, 225], [227, 223], [227, 228]], "missing_branches": []}, "coincidenPosicionesAtacadas": {"executed_lines": [235, 236, 238, 239, 241, 243], "summary": {"covered_lines": 6, "num_statements": 6, "percent_covered": 100.0, "percent_covered_display": "100", "missing_lines": 0, "excluded_lines": 0, "num_branches": 2, "num_partial_branches": 0, "covered_branches": 2, "missing_branches": 0}, "missing_lines": [], "excluded_lines": [], "executed_branches": [[235, 236], [235, 238]], "missing_branches": []}, "tableroValidoEnJuego": {"executed_lines": [247], "summary": {"covered_lines": 1, "num_statements": 1, "percent_covered": 100.0, "percent_covered_display": "100", "missing_lines": 0, "excluded_lines": 0, "num_branches": 0, "num_partial_branches": 0, "covered_branches": 0, "missing_branches": 0}, "missing_lines": [], "excluded_lines": [], "executed_branches": [], "missing_branches": []}, "dispararEnPosici\u00f3n": {"executed_lines": [261, 262, 264, 265, 267, 268, 272, 273, 274, 275, 277, 278, 280, 281], "summary": {"covered_lines": 14, "num_statements": 14, "percent_covered": 100.0, "percent_covered_display": "100", "missing_lines": 0, "excluded_lines": 0, "num_branches": 2, "num_partial_branches": 0, "covered_branches": 2, "missing_branches": 0}, "missing_lines": [], "excluded_lines": [], "executed_branches": [[272, 273], [272, 277]], "missing_branches": []}, "obtenerJugadorOponente": {"executed_lines": [285, 287, 288, 290], "summary": {"covered_lines": 4, "num_statements": 4, "percent_covered": 100.0, "percent_covered_display": "100", "missing_lines": 0, "excluded_lines": 0, "num_branches": 2, "num_partial_branches": 0, "covered_branches": 2, "missing_branches": 0}, "missing_lines": [], "excluded_lines": [], "executed_branches": [[287, 288], [287, 290]], "missing_branches": []}, "disparoHaceAgua": {"executed_lines": [294, 296], "summary": {"covered_lines": 2, "num_statements": 2, "percent_covered": 100.0, "percent_covered_display": "100", "missing_lines": 0, "excluded_lines": 0, "num_branches": 0, "num_partial_branches": 0, "covered_branches": 0, "missing_branches": 0}, "missing_lines": [], "excluded_lines": [], "executed_branches": [], "missing_branches": []}, "barcosEnGrilla": {"executed_lines": [313, 314, 315, 317, 319, 320, 321, 322, 324, 325, 326, 327, 328], "summary": {"covered_lines": 13, "num_statements": 13, "percent_covered": 100.0, "percent_covered_display": "100", "missing_lines": 0, "excluded_lines": 0, "num_branches": 6, "num_partial_branches": 0, "covered_branches": 6, "missing_branches": 0}, "missing_lines": [], "excluded_lines": [], "executed_branches": [[319, 320], [319, 328], [320, 319], [320, 321], [324, 320], [324, 325]], "missing_branches": []}, "construirBarcoDesde": {"executed_lines": [331, 333, 334, 335, 337, 338, 340, 342, 343, 344, 345, 347, 348, 349, 350, 351, 352, 354, 355, 357, 358, 359, 360, 361, 362, 364, 366, 368], "summary": {"covered_lines": 28, "num_statements": 28, "percent_covered": 100.0, "percent_covered_display": "100", "missing_lines": 0, "excluded_lines": 0, "num_branches": 8, "num_partial_branches": 0, "covered_branches": 8, "missing_branches": 0}, "missing_lines": [], "excluded_lines": [], "executed_branches": [[342, 343], [342, 368], [348, 342], [348, 349], [349, 350], [349, 366], [357, 358], [357, 364]], "missing_branches": []}, "celdaEsBarco": {"executed_lines": [372], "summary": {"covered_lines": 1, "num_statements": 1, "percent_covered": 100.0, "percent_covered_display": "100", "missing_lines": 0, "excluded_lines": 0, "num_branches": 0, "num_partial_branches": 0, "covered_branches": 0, "missing_branches": 0}, "missing_lines": [], "excluded_lines": [], "executed_branches": [], "missing_branches": []}, "crearGrillaDePosicionesNoVisitadas": {"executed_lines": [376, 377, 379, 381, 383, 385, 387, 389], "summary": {"covered_lines": 8, "num_statements": 8, "percent_covered": 100.0, "percent_covered_display": "100", "missing_lines": 0, "excluded_lines": 0, "num_branches": 4, "num_partial_branches": 0, "covered_branches": 4, "missing_branches": 0}, "missing_lines": [], "excluded_lines": [], "executed_branches": [[381, 383], [381, 389], [385, 381], [385, 387]], "missing_branches": []}, "obtenerPosici\u00f3nDesdeIndiceDeGrilla": {"executed_lines": [398, 400, 402], "summary": {"covered_lines": 3, "num_statements": 3, "percent_covered": 100.0, "percent_covered_display": "100", "missing_lines": 0, "excluded_lines": 0, "num_branches": 0, "num_partial_branches": 0, "covered_branches": 0, "missing_branches": 0}, "missing_lines": [], "excluded_lines": [], "executed_branches": [], "missing_branches": []}, "obtenerIndiceDesdePosicion": {"executed_lines": [407, 409, 410, 411, 414, 415], "summary": {"covered_lines": 6, "num_statements": 6, "percent_covered": 100.0, "percent_covered_display": "100", "missing_lines": 0, "excluded_lines": 0, "num_branches": 4, "num_partial_branches": 0, "covered_branches": 4, "missing_branches": 0}, "missing_lines": [], "excluded_lines": [], "executed_branches": [[409, 410], [409, 414], [410, 409], [410, 411]], "missing_branches": []}, "letras": {"executed_lines": [418, 419], "summary": {"covered_lines": 2, "num_statements": 2, "percent_covered": 100.0, "percent_covered_display": "100", "missing_lines": 0, "excluded_lines": 0, "num_branches": 0, "num_partial_branches": 0, "covered_branches": 0, "missing_branches": 0}, "missing_lines": [], "excluded_lines": [], "executed_branches": [], "missing_branches": []}, "elJugadorConMejorPunter\u00eda": {"executed_lines": [438, 439, 441, 442, 444, 446], "summary": {"covered_lines": 6, "num_statements": 6, "percent_covered": 100.0, "percent_covered_display": "100", "missing_lines": 0, "excluded_lines": 0, "num_branches": 2, "num_partial_branches": 0, "covered_branches": 2, "missing_branches": 0}, "missing_lines": [], "excluded_lines": [], "executed_branches": [[441, 442], [441, 444]], "missing_branches": []}, "cantidadDePosicionesConAgua": {"executed_lines": [452, 454, 456, 458, 459, 461], "summary": {"covered_lines": 6, "num_statements": 6, "percent_covered": 100.0, "percent_covered_display": "100", "missing_lines": 0, "excluded_lines": 0, "num_branches": 6, "num_partial_branches": 0, "covered_branches": 6, "missing_branches": 0}, "missing_lines": [], "excluded_lines": [], "executed_branches": [[454, 456], [454, 461], [456, 454], [456, 458], [458, 456], [458, 459]], "missing_branches": []}, "barcoDescubiertoEn": {"executed_lines": [465, 466, 467, 469], "summary": {"covered_lines": 4, "num_statements": 4, "percent_covered": 100.0, "percent_covered_display": "100", "missing_lines": 0, "excluded_lines": 0, "num_branches": 4, "num_partial_branches": 0, "covered_branches": 4, "missing_branches": 0}, "missing_lines": [], "excluded_lines": [], "executed_branches": [[465, 466], [465, 469], [466, 465], [466, 467]], "missing_branches": []}, "cantidadDeBarcosDescubiertos": {"executed_lines": [473, 475, 477, 479, 481, 482, 483, 485], "summary": {"covered_lines": 8, "num_statements": 8, "percent_covered": 100.0, "percent_covered_display": "100", "missing_lines": 0, "excluded_lines": 0, "num_branches": 4, "num_partial_branches": 0, "covered_branches": 4, "missing_branches": 0}, "missing_lines": [], "excluded_lines": [], "executed_branches": [[481, 482], [481, 485], [482, 481], [482, 483]], "missing_branches": []}, "jugadorOpuesto": {"executed_lines": [489, 490, 492], "summary": {"covered_lines": 3, "num_statements": 3, "percent_covered": 100.0, "percent_covered_display": "100", "missing_lines": 0, "excluded_lines": 0, "num_branches": 2, "num_partial_branches": 0, "covered_branches": 2, "missing_branches": 0}, "missing_lines": [], "excluded_lines": [], "executed_branches": [[489, 490], [489, 492]], "missing_branches": []}, "punter\u00edaDeJugador": {"executed_lines": [496, 497, 499], "summary": {"covered_lines": 3, "num_statements": 3, "percent_covered": 100.0, "percent_covered_display": "100", "missing_lines": 0, "excluded_lines": 0, "num_branches": 0, "num_partial_branches": 0, "covered_branches": 0, "missing_branches": 0}, "missing_lines": [], "excluded_lines": [], "executed_branches": [], "missing_branches": []}, "": {"executed_lines": [1, 2, 8, 30, 116, 150, 154, 157, 160, 163, 171, 176, 187, 193, 198, 211, 214, 217, 232, 246, 252, 283, 292, 301, 330, 370, 374, 396, 404, 417, 423, 450, 463, 471, 487, 494], "summary": {"covered_lines": 36, "num_statements": 36, "percent_covered": 100.0, "percent_covered_display": "100", "missing_lines": 0, "excluded_lines": 0, "num_branches": 0, "num_partial_branches": 0, "covered_branches": 0, "missing_branches": 0}, "missing_lines": [], "excluded_lines": [], "executed_branches": [], "missing_branches": []}}, "classes": {"": {"executed_lines": [1, 2, 8, 21, 22, 23, 24, 25, 30, 86, 88, 89, 90, 91, 92, 93, 94, 97, 99, 100, 102, 104, 106, 107, 108, 109, 110, 112, 116, 129, 130, 132, 134, 136, 138, 140, 142, 144, 145, 146, 148, 150, 152, 154, 155, 157, 158, 160, 161, 163, 164, 166, 167, 169, 171, 173, 176, 178, 180, 181, 183, 187, 188, 189, 191, 193, 194, 196, 198, 199, 200, 203, 204, 205, 206, 207, 209, 211, 212, 214, 215, 217, 219, 221, 223, 225, 227, 228, 230, 232, 235, 236, 238, 239, 241, 243, 246, 247, 252, 261, 262, 264, 265, 267, 268, 272, 273, 274, 275, 277, 278, 280, 281, 283, 285, 287, 288, 290, 292, 294, 296, 301, 313, 314, 315, 317, 319, 320, 321, 322, 324, 325, 326, 327, 328, 330, 331, 333, 334, 335, 337, 338, 340, 342, 343, 344, 345, 347, 348, 349, 350, 351, 352, 354, 355, 357, 358, 359, 360, 361, 362, 364, 366, 368, 370, 372, 374, 376, 377, 379, 381, 383, 385, 387, 389, 396, 398, 400, 402, 404, 407, 409, 410, 411, 414, 415, 417, 418, 419, 423, 438, 439, 441, 442, 444, 446, 450, 452, 454, 456, 458, 459, 461, 463, 465, 466, 467, 469, 471, 473, 475, 477, 479, 481, 482, 483, 485, 487, 489, 490, 492, 494, 496, 497, 499], "summary": {"covered_lines": 225, "num_statements": 225, "percent_covered": 100.0, "percent_covered_display": "100", "missing_lines": 0, "excluded_lines": 0, "num_branches": 78, "num_partial_branches": 0, "covered_branches": 78, "missing_branches": 0}, "missing_lines": [], "excluded_lines": [], "executed_branches": [[22, 23], [22, 25], [23, 22], [23, 24], [89, 90], [89, 94], [91, 92], [91, 93], [144, 145], [144, 148], [145, 144], [145, 146], [166, 167], [166, 169], [178, 180], [178, 183], [180, 178], [180, 181], [203, 204], [203, 209], [204, 203], [204, 205], [205, 204], [205, 206], [206, 204], [206, 207], [221, 223], [221, 230], [223, 221], [223, 225], [227, 223], [227, 228], [235, 236], [235, 238], [272, 273], [272, 277], [287, 288], [287, 290], [319, 320], [319, 328], [320, 319], [320, 321], [324, 320], [324, 325], [342, 343], [342, 368], [348, 342], [348, 349], [349, 350], [349, 366], [357, 358], [357, 364], [381, 383], [381, 389], [385, 381], [385, 387], [409, 410], [409, 414], [410, 409], [410, 411], [441, 442], [441, 444], [454, 456], [454, 461], [456, 454], [456, 458], [458, 456], [458, 459], [465, 466], [465, 469], [466, 465], [466, 467], [481, 482], [481, 485], [482, 481], [482, 483], [489, 490], [489, 492]], "missing_branches": []}}}}, "totals": {"covered_lines": 225, "num_statements": 225, "percent_covered": 100.0, "percent_covered_display": "100", "missing_lines": 0, "excluded_lines": 0, "num_branches": 78, "num_partial_branches": 0, "covered_branches": 78, "missing_branches": 0}}